Arguments: 
  /usr/local/bin/node /Users/Brockawesome/.npm-global/bin/yarn i react-inlinesvg

PATH: 
  /Users/Brockawesome/arc/arcanist/bin:/Users/Brockawesome/.npm-global/bin:/Users/Brockawesome/.rbenv/shims:/Applications/Postgres.app/Contents/Versions/10/bin:/usr/local/bin:/usr/bin:/bin:/usr/sbin:/sbin:/opt/ImageMagick/bin

Yarn version: 
  1.5.1

Node version: 
  9.5.0

Platform: 
  darwin x64

npm manifest: 
  {
    "name": "create-repack-app",
    "version": "1.0.0",
    "scripts": {
      "build": "cd client && npm install --only=dev && npm install && npm run build && cd ..",
      "deploy": "cp -a client/build/. public/",
      "heroku-postbuild": "npm run build && npm run deploy && echo 'Client Built'"
    },
    "keywords": [],
    "author": "",
    "license": "ISC"
  }

yarn manifest: 
  No manifest

Lockfile: 
  No lockfile

Trace: 
  Error: Command "i" not found.
      at new MessageError (/Users/Brockawesome/.npm-global/lib/node_modules/yarn/lib/cli.js:186:110)
      at /Users/Brockawesome/.npm-global/lib/node_modules/yarn/lib/cli.js:87307:17
      at Generator.next (<anonymous>)
      at step (/Users/Brockawesome/.npm-global/lib/node_modules/yarn/lib/cli.js:98:30)
      at /Users/Brockawesome/.npm-global/lib/node_modules/yarn/lib/cli.js:116:14
      at new Promise (<anonymous>)
      at new F (/Users/Brockawesome/.npm-global/lib/node_modules/yarn/lib/cli.js:23451:28)
      at /Users/Brockawesome/.npm-global/lib/node_modules/yarn/lib/cli.js:95:12
      at runCommand (/Users/Brockawesome/.npm-global/lib/node_modules/yarn/lib/cli.js:87312:22)
      at Object.<anonymous> (/Users/Brockawesome/.npm-global/lib/node_modules/yarn/lib/cli.js:87412:14)
